Log file open, 10/26/18 19:58:18
LogWindows: Failed to load 'aqProf.dll' (GetLastError=126)
LogWindows: File 'aqProf.dll' does not exist
LogWindows: Failed to load 'VSPerf140.dll' (GetLastError=126)
LogWindows: File 'VSPerf140.dll' does not exist
LogWindows: Failed to load 'VtuneApi.dll' (GetLastError=126)
LogWindows: File 'VtuneApi.dll' does not exist
LogWindows: Failed to load 'VtuneApi32e.dll' (GetLastError=126)
LogWindows: File 'VtuneApi32e.dll' does not exist
LogInit: Display: Running engine for game: MP_SK
LogPlatformFile: Not using cached read wrapper
LogInit: Display: RandInit(-188699034) SRandInit(-188699034).
LogInit: Read version file with build ID '3709383'
LogInit: Overriding engine version to CL 3832480, compatible CL 3709383
LogInit: Registered custom module enumerator with build ID '3709383'
LogTaskGraph: Started task graph with 5 named threads and 11 total threads with 3 sets of task threads.
LogStats: Stats thread started at 2.564842
LogD3D11RHI: Aftermath initialized
LogModuleManager: Display: Found up-to-date module file ../../../Engine/Plugins/Online/OnlineSubsystemSteam/Binaries/Win64/UE4Editor-OnlineSubsystemSteam.dll (API version 3709383).
LogModuleManager: Display: Found up-to-date module file ../../../Engine/Plugins/Online/OnlineSubsystem/Binaries/Win64/UE4Editor-OnlineSubsystem.dll (API version 3709383).
LogModuleManager: Display: Found up-to-date module file ../../../Engine/Plugins/Online/OnlineSubsystemUtils/Binaries/Win64/UE4Editor-OnlineSubsystemUtils.dll (API version 3709383).
LogModuleManager: Display: Found up-to-date module file ../../../Engine/Plugins/Online/OnlineSubsystemUtils/Binaries/Win64/UE4Editor-OnlineBlueprintSupport.dll (API version 3709383).
LogModuleManager: Display: Found up-to-date module file ../../../Engine/Plugins/2D/Paper2D/Binaries/Win64/UE4Editor-Paper2D.dll (API version 3709383).
LogModuleManager: Display: Found up-to-date module file ../../../Engine/Plugins/2D/Paper2D/Binaries/Win64/UE4Editor-Paper2DEditor.dll (API version 3709383).
LogModuleManager: Display: Found up-to-date module file ../../../Engine/Plugins/2D/Paper2D/Binaries/Win64/UE4Editor-PaperSpriteSheetImporter.dll (API version 3709383).
LogModuleManager: Display: Found up-to-date module file ../../../Engine/Plugins/2D/Paper2D/Binaries/Win64/UE4Editor-PaperTiledImporter.dll (API version 3709383).
LogModuleManager: Display: Found up-to-date module file ../../../Engine/Plugins/2D/Paper2D/Binaries/Win64/UE4Editor-SmartSnapping.dll (API version 3709383).
LogModuleManager: Display: Found up-to-date module file ../../../Engine/Plugins/Blendables/LightPropagationVolume/Binaries/Win64/UE4Editor-LightPropagationVolumeRuntime.dll (API version 3709383).
LogModuleManager: Display: Found up-to-date module file ../../../Engine/Plugins/Blendables/LightPropagationVolume/Binaries/Win64/UE4Editor-LightPropagationVolumeEditor.dll (API version 3709383).
LogModuleManager: Display: Found up-to-date module file ../../../Engine/Plugins/Developer/GitSourceControl/Binaries/Win64/UE4Editor-GitSourceControl.dll (API version 3709383).
LogModuleManager: Display: Found up-to-date module file ../../../Engine/Plugins/Developer/PerforceSourceControl/Binaries/Win64/UE4Editor-PerforceSourceControl.dll (API version 3709383).
LogModuleManager: Display: Found up-to-date module file ../../../Engine/Plugins/Developer/SubversionSourceControl/Binaries/Win64/UE4Editor-SubversionSourceControl.dll (API version 3709383).
LogModuleManager: Display: Found up-to-date module file ../../../Engine/Plugins/Developer/UObjectPlugin/Binaries/Win64/UE4Editor-UObjectPlugin.dll (API version 3709383).
LogModuleManager: Display: Found up-to-date module file ../../../Engine/Plugins/Developer/VisualStudioCodeSourceCodeAccess/Binaries/Win64/UE4Editor-VisualStudioCodeSourceCodeAccess.dll (API version 3709383).
LogModuleManager: Display: Found up-to-date module file ../../../Engine/Plugins/Developer/VisualStudioSourceCodeAccess/Binaries/Win64/UE4Editor-VisualStudioSourceCodeAccess.dll (API version 3709383).
LogModuleManager: Display: Found up-to-date module file ../../../Engine/Plugins/Editor/AssetManagerEditor/Binaries/Win64/UE4Editor-AssetManagerEditor.dll (API version 3709383).
LogModuleManager: Display: Found up-to-date module file ../../../Engine/Plugins/Editor/AudioCapture/Binaries/Win64/UE4Editor-AudioCapture.dll (API version 3709383).
LogModuleManager: Display: Found up-to-date module file ../../../Engine/Plugins/Editor/FacialAnimation/Binaries/Win64/UE4Editor-FacialAnimation.dll (API version 3709383).
LogModuleManager: Display: Found up-to-date module file ../../../Engine/Plugins/Editor/FacialAnimation/Binaries/Win64/UE4Editor-FacialAnimationEditor.dll (API version 3709383).
LogModuleManager: Display: Found up-to-date module file ../../../Engine/Plugins/Editor/GameplayTagsEditor/Binaries/Win64/UE4Editor-GameplayTagsEditor.dll (API version 3709383).
LogModuleManager: Display: Found up-to-date module file ../../../Engine/Plugins/Editor/MobileLauncherProfileWizard/Binaries/Win64/UE4Editor-MobileLauncherProfileWizard.dll (API version 3709383).
LogModuleManager: Display: Found up-to-date module file ../../../Engine/Plugins/Editor/PluginBrowser/Binaries/Win64/UE4Editor-PluginBrowser.dll (API version 3709383).
LogModuleManager: Display: Found up-to-date module file ../../../Engine/Plugins/Editor/SpeedTreeImporter/Binaries/Win64/UE4Editor-SpeedTreeImporter.dll (API version 3709383).
LogModuleManager: Display: Found up-to-date module file ../../../Engine/Plugins/Experimental/AlembicImporter/Binaries/Win64/UE4Editor-AlembicImporter.dll (API version 3709383).
LogModuleManager: Display: Found up-to-date module file ../../../Engine/Plugins/Experimental/AlembicImporter/Binaries/Win64/UE4Editor-AlembicLibrary.dll (API version 3709383).
LogModuleManager: Display: Found up-to-date module file ../../../Engine/Plugins/Experimental/CharacterAI/Binaries/Win64/UE4Editor-CharacterAI.dll (API version 3709383).
LogModuleManager: Display: Found up-to-date module file ../../../Engine/Plugins/Experimental/HTML5Networking/Binaries/Win64/UE4Editor-HTML5Networking.dll (API version 3709383).
LogModuleManager: Display: Found up-to-date module file ../../../Engine/Plugins/Media/AndroidMedia/Binaries/Win64/UE4Editor-AndroidMediaEditor.dll (API version 3709383).
LogModuleManager: Display: Found up-to-date module file ../../../Engine/Plugins/Media/AndroidMedia/Binaries/Win64/UE4Editor-AndroidMediaFactory.dll (API version 3709383).
LogModuleManager: Display: Found up-to-date module file ../../../Engine/Plugins/Media/AvfMedia/Binaries/Win64/UE4Editor-AvfMediaEditor.dll (API version 3709383).
LogModuleManager: Display: Found up-to-date module file ../../../Engine/Plugins/Media/AvfMedia/Binaries/Win64/UE4Editor-AvfMediaFactory.dll (API version 3709383).
LogModuleManager: Display: Found up-to-date module file ../../../Engine/Plugins/Media/AvfMedia/Binaries/Win64/UE4Editor-AvfMediaFactory.dll (API version 3709383).
LogModuleManager: Display: Found up-to-date module file ../../../Engine/Plugins/Media/ImgMedia/Binaries/Win64/UE4Editor-ImgMedia.dll (API version 3709383).
LogModuleManager: Display: Found up-to-date module file ../../../Engine/Plugins/Media/ImgMedia/Binaries/Win64/UE4Editor-ImgMediaEditor.dll (API version 3709383).
LogModuleManager: Display: Found up-to-date module file ../../../Engine/Plugins/Media/ImgMedia/Binaries/Win64/UE4Editor-ImgMediaFactory.dll (API version 3709383).
LogModuleManager: Display: Found up-to-date module file ../../../Engine/Plugins/Media/ImgMedia/Binaries/Win64/UE4Editor-ImgMediaFactory.dll (API version 3709383).
LogModuleManager: Display: Found up-to-date module file ../../../Engine/Plugins/Media/ImgMedia/Binaries/Win64/UE4Editor-OpenExrWrapper.dll (API version 3709383).
LogModuleManager: Display: Found up-to-date module file ../../../Engine/Plugins/Media/MediaCompositing/Binaries/Win64/UE4Editor-MediaCompositing.dll (API version 3709383).
LogModuleManager: Display: Found up-to-date module file ../../../Engine/Plugins/Media/MediaCompositing/Binaries/Win64/UE4Editor-MediaCompositingEditor.dll (API version 3709383).
LogModuleManager: Display: Found up-to-date module file ../../../Engine/Plugins/Media/MediaPlayerEditor/Binaries/Win64/UE4Editor-MediaPlayerEditor.dll (API version 3709383).
LogModuleManager: Display: Found up-to-date module file ../../../Engine/Plugins/Media/WmfMedia/Binaries/Win64/UE4Editor-WmfMedia.dll (API version 3709383).
LogModuleManager: Display: Found up-to-date module file ../../../Engine/Plugins/Media/WmfMedia/Binaries/Win64/UE4Editor-WmfMediaEditor.dll (API version 3709383).
LogModuleManager: Display: Found up-to-date module file ../../../Engine/Plugins/Media/WmfMedia/Binaries/Win64/UE4Editor-WmfMediaFactory.dll (API version 3709383).
LogModuleManager: Display: Found up-to-date module file ../../../Engine/Plugins/Media/WmfMedia/Binaries/Win64/UE4Editor-WmfMediaFactory.dll (API version 3709383).
LogModuleManager: Display: Found up-to-date module file ../../../Engine/Plugins/Messaging/TcpMessaging/Binaries/Win64/UE4Editor-TcpMessaging.dll (API version 3709383).
LogModuleManager: Display: Found up-to-date module file ../../../Engine/Plugins/Messaging/UdpMessaging/Binaries/Win64/UE4Editor-UdpMessaging.dll (API version 3709383).
LogModuleManager: Display: Found up-to-date module file ../../../Engine/Plugins/MovieScene/ActorSequence/Binaries/Win64/UE4Editor-ActorSequence.dll (API version 3709383).
LogModuleManager: Display: Found up-to-date module file ../../../Engine/Plugins/MovieScene/LevelSequenceEditor/Binaries/Win64/UE4Editor-LevelSequenceEditor.dll (API version 3709383).
LogModuleManager: Display: Found up-to-date module file ../../../Engine/Plugins/MovieScene/MatineeToLevelSequence/Binaries/Win64/UE4Editor-MatineeToLevelSequence.dll (API version 3709383).
LogModuleManager: Display: Found up-to-date module file ../../../Engine/Plugins/Runtime/AndroidPermission/Binaries/Win64/UE4Editor-AndroidPermission.dll (API version 3709383).
LogModuleManager: Display: Found up-to-date module file ../../../Engine/Plugins/Online/OnlineSubsystemNull/Binaries/Win64/UE4Editor-OnlineSubsystemNull.dll (API version 3709383).
LogModuleManager: Display: Found up-to-date module file ../../../Engine/Plugins/Runtime/AndroidDeviceProfileSelector/Binaries/Win64/UE4Editor-AndroidDeviceProfileSelector.dll (API version 3709383).
LogModuleManager: Display: Found up-to-date module file ../../../Engine/Plugins/Runtime/AppleARKit/Binaries/Win64/UE4Editor-AppleARKit.dll (API version 3709383).
LogModuleManager: Display: Found up-to-date module file ../../../Engine/Plugins/Runtime/ArchVisCharacter/Binaries/Win64/UE4Editor-ArchVisCharacter.dll (API version 3709383).
LogModuleManager: Display: Found up-to-date module file ../../../Engine/Plugins/Runtime/CableComponent/Binaries/Win64/UE4Editor-CableComponent.dll (API version 3709383).
LogModuleManager: Display: Found up-to-date module file ../../../Engine/Plugins/Runtime/CustomMeshComponent/Binaries/Win64/UE4Editor-CustomMeshComponent.dll (API version 3709383).
LogModuleManager: Display: Found up-to-date module file ../../../Engine/Plugins/Runtime/ExampleDeviceProfileSelector/Binaries/Win64/UE4Editor-ExampleDeviceProfileSelector.dll (API version 3709383).
LogModuleManager: Display: Found up-to-date module file ../../../Engine/Plugins/Runtime/ImmediatePhysics/Binaries/Win64/UE4Editor-ImmediatePhysics.dll (API version 3709383).
LogModuleManager: Display: Found up-to-date module file ../../../Engine/Plugins/Runtime/ImmediatePhysics/Binaries/Win64/UE4Editor-ImmediatePhysicsEditor.dll (API version 3709383).
LogModuleManager: Display: Found up-to-date module file ../../../Engine/Plugins/Runtime/LocationServicesBPLibrary/Binaries/Win64/UE4Editor-LocationServicesBPLibrary.dll (API version 3709383).
LogModuleManager: Display: Found up-to-date module file ../../../Engine/Plugins/Runtime/MobilePatchingUtils/Binaries/Win64/UE4Editor-MobilePatchingUtils.dll (API version 3709383).
LogModuleManager: Display: Found up-to-date module file ../../../Engine/Plugins/Runtime/Oculus/OculusVR/Binaries/Win64/UE4Editor-OculusHMD.dll (API version 3709383).
LogModuleManager: Display: Found up-to-date module file ../../../Engine/Plugins/Runtime/Oculus/OculusVR/Binaries/Win64/UE4Editor-OculusInput.dll (API version 3709383).
LogModuleManager: Display: Found up-to-date module file ../../../Engine/Plugins/Runtime/Oculus/OculusVR/Binaries/Win64/UE4Editor-OculusEditor.dll (API version 3709383).
LogModuleManager: Display: Found up-to-date module file ../../../Engine/Plugins/Runtime/PhysXVehicles/Binaries/Win64/UE4Editor-PhysXVehicles.dll (API version 3709383).
LogModuleManager: Display: Found up-to-date module file ../../../Engine/Plugins/Runtime/PhysXVehicles/Binaries/Win64/UE4Editor-PhysXVehiclesEditor.dll (API version 3709383).
LogModuleManager: Display: Found up-to-date module file ../../../Engine/Plugins/Runtime/ProceduralMeshComponent/Binaries/Win64/UE4Editor-ProceduralMeshComponent.dll (API version 3709383).
LogModuleManager: Display: Found up-to-date module file ../../../Engine/Plugins/Runtime/ProceduralMeshComponent/Binaries/Win64/UE4Editor-ProceduralMeshComponentEditor.dll (API version 3709383).
LogModuleManager: Display: Found up-to-date module file ../../../Engine/Plugins/Runtime/RuntimePhysXCooking/Binaries/Win64/UE4Editor-RuntimePhysXCooking.dll (API version 3709383).
LogModuleManager: Display: Found up-to-date module file ../../../Engine/Plugins/Runtime/Steam/SteamVR/Binaries/Win64/UE4Editor-SteamVR.dll (API version 3709383).
LogModuleManager: Display: Found up-to-date module file ../../../Engine/Plugins/Runtime/Steam/SteamVR/Binaries/Win64/UE4Editor-SteamVRController.dll (API version 3709383).
LogModuleManager: Display: Found up-to-date module file ../../../Engine/Plugins/Runtime/WindowsMoviePlayer/Binaries/Win64/UE4Editor-WindowsMoviePlayer.dll (API version 3709383).
LogPluginManager: Mounting plugin Paper2D
LogPluginManager: Mounting plugin LightPropagationVolume
LogPluginManager: Mounting plugin CodeLiteSourceCodeAccess
LogPluginManager: Mounting plugin GitSourceControl
LogPluginManager: Mounting plugin KDevelopSourceCodeAccess
LogPluginManager: Mounting plugin NullSourceCodeAccess
LogPluginManager: Mounting plugin PerforceSourceControl
LogPluginManager: Mounting plugin SubversionSourceControl
LogPluginManager: Mounting plugin UObjectPlugin
LogPluginManager: Mounting plugin VisualStudioCodeSourceCodeAccess
LogPluginManager: Mounting plugin VisualStudioSourceCodeAccess
LogPluginManager: Mounting plugin XCodeSourceCodeAccess
LogPluginManager: Mounting plugin AssetManagerEditor
LogPluginManager: Mounting plugin AudioCapture
LogPluginManager: Mounting plugin FacialAnimation
LogPluginManager: Mounting plugin GameplayTagsEditor
LogPluginManager: Mounting plugin MobileLauncherProfileWizard
LogPluginManager: Mounting plugin PluginBrowser
LogPluginManager: Mounting plugin SpeedTreeImporter
LogPluginManager: Mounting plugin AlembicImporter
LogPluginManager: Mounting plugin CharacterAI
LogPluginManager: Mounting plugin HTML5Networking
LogPluginManager: Mounting plugin AndroidMedia
LogPluginManager: Mounting plugin AvfMedia
LogPluginManager: Mounting plugin ImgMedia
LogPluginManager: Mounting plugin MediaCompositing
LogPluginManager: Mounting plugin MediaPlayerEditor
LogPluginManager: Mounting plugin WmfMedia
LogPluginManager: Mounting plugin TcpMessaging
LogPluginManager: Mounting plugin UdpMessaging
LogPluginManager: Mounting plugin ActorSequence
LogPluginManager: Mounting plugin LevelSequenceEditor
LogPluginManager: Mounting plugin MatineeToLevelSequence
LogPluginManager: Mounting plugin OnlineSubsystemGooglePlay
LogPluginManager: Mounting plugin OnlineSubsystemIOS
LogPluginManager: Mounting plugin OnlineSubsystem
LogPluginManager: Mounting plugin OnlineSubsystemNull
LogPluginManager: Mounting plugin OnlineSubsystemSteam
LogPluginManager: Mounting plugin OnlineSubsystemUtils
LogPluginManager: Mounting plugin AndroidDeviceProfileSelector
LogPluginManager: Mounting plugin AndroidMoviePlayer
LogPluginManager: Mounting plugin AndroidPermission
LogPluginManager: Mounting plugin AppleARKit
LogPluginManager: Mounting plugin AppleMoviePlayer
LogPluginManager: Mounting plugin ArchVisCharacter
LogPluginManager: Mounting plugin CableComponent
LogPluginManager: Mounting plugin CustomMeshComponent
LogPluginManager: Mounting plugin ExampleDeviceProfileSelector
LogPluginManager: Mounting plugin GoogleCloudMessaging
LogPluginManager: Mounting plugin ImmediatePhysics
LogPluginManager: Mounting plugin IOSDeviceProfileSelector
LogPluginManager: Mounting plugin LinuxDeviceProfileSelector
LogPluginManager: Mounting plugin LocationServicesBPLibrary
LogPluginManager: Mounting plugin MobilePatchingUtils
LogPluginManager: Mounting plugin OculusVR
LogPluginManager: Plugin shader directory ../../../Engine/Plugins/Runtime/Oculus/OculusVR/Shaders found
LogPluginManager: Mapping shader source directory ../../../Engine/Plugins/Runtime/Oculus/OculusVR/Shaders to virtual directory /Plugin/OculusVR
LogPluginManager: Mounting plugin PhysXVehicles
LogPluginManager: Mounting plugin ProceduralMeshComponent
LogPluginManager: Mounting plugin RuntimePhysXCooking
LogPluginManager: Mounting plugin SteamVR
LogPluginManager: Mounting plugin WindowsMoviePlayer
LogInit: Using libcurl 7.47.1
LogInit:  - built for x86_64-pc-win32
LogInit:  - supports SSL with OpenSSL/1.0.2g
LogInit:  - supports HTTP deflate (compression) using libz 1.2.8
LogInit:  - other features:
LogInit:      CURL_VERSION_SSL
LogInit:      CURL_VERSION_LIBZ
LogInit:      CURL_VERSION_IPV6
LogInit:      CURL_VERSION_ASYNCHDNS
LogInit:      CURL_VERSION_LARGEFILE
LogInit:      CURL_VERSION_IDN
LogInit:  CurlRequestOptions (configurable via config and command line):
LogInit:  - bVerifyPeer = false  - Libcurl will NOT verify peer certificate
LogInit:  - bUseHttpProxy = false  - Libcurl will NOT use HTTP proxy
LogInit:  - bDontReuseConnections = false  - Libcurl will reuse connections
LogInit:  - CertBundlePath = nullptr  - Libcurl will use whatever was configured at build time.
LogOnline: Display: STEAM: Loading Steam SDK 1.39
LogOnline: Warning: STEAM: Steam API disabled!
LogOnline: Display: STEAM: OnlineSubsystemSteam::Shutdown()
LogInit: WinSock: version 1.1 (2.2), MaxSocks=32767, MaxUdp=65467
LogInit: Build: ++UE4+Release-4.18-CL-3832480
LogInit: Engine Version: 4.18.3-3832480+++UE4+Release-4.18
LogInit: Compatible Engine Version: 4.18.0-3709383+++UE4+Release-4.18
LogInit: Net CL: 3709383
LogDevObjectVersion: Number of dev versions registered: 16
LogDevObjectVersion:   Dev-Blueprints (B0D832E4-1F89-4F0D-ACCF-7EB736FD4AA2): 10
LogDevObjectVersion:   Dev-Build (E1C64328-A22C-4D53-A36C-8E866417BD8C): 0
LogDevObjectVersion:   Dev-Core (375EC13C-06E4-48FB-B500-84F0262A717E): 2
LogDevObjectVersion:   Dev-Editor (E4B068ED-F494-42E9-A231-DA0B2E46BB41): 20
LogDevObjectVersion:   Dev-Framework (CFFC743F-43B0-4480-9391-14DF171D2073): 30
LogDevObjectVersion:   Dev-Mobile (B02B49B5-BB20-44E9-A304-32B752E40360): 0
LogDevObjectVersion:   Dev-Networking (A4E4105C-59A1-49B5-A7C5-40C4547EDFEE): 0
LogDevObjectVersion:   Dev-Online (39C831C9-5AE6-47DC-9A44-9C173E1C8E7C): 0
LogDevObjectVersion:   Dev-Physics (78F01B33-EBEA-4F98-B9B4-84EACCB95AA2): 0
LogDevObjectVersion:   Dev-Platform (6631380F-2D4D-43E0-8009-CF276956A95A): 0
LogDevObjectVersion:   Dev-Rendering (12F88B9F-8875-4AFC-A67C-D90C383ABD29): 20
LogDevObjectVersion:   Dev-Sequencer (7B5AE74C-D270-4C10-A958-57980B212A5A): 4
LogDevObjectVersion:   Dev-VR (D7296918-1DD6-4BDD-9DE2-64A83CC13884): 0
LogDevObjectVersion:   Dev-LoadTimes (C2A15278-BFE7-4AFE-6C17-90FF531DF755): 1
LogDevObjectVersion:   Private-Geometry (6EACA3D4-40EC-4CC1-B786-8BED09428FC5): 1
LogDevObjectVersion:   Dev-AnimPhys (29E575DD-E0A3-4627-9D10-D276232CDCEA): 12
LogInit: Compiled (64-bit): Jan 12 2018 02:04:55
LogInit: Compiled with Visual C++: 19.00.24215.01
LogInit: Build Configuration: Development
LogInit: Branch Name: ++UE4+Release-4.18
LogInit: Command line:  
LogInit: Base directory: K:/ue4install/4.18/UE_4.18/Engine/Binaries/Win64/
LogInit: Installed Engine Build: 1
LogInit: Presizing for max 8388607 objects, including 0 objects not considered by GC, pre-allocating 0 bytes for permanent pool.
LogInit: Object subsystem initialized
[2018.10.27-01.58.25:972][  0]LogInit: Selected Device Profile: [Windows]
[2018.10.27-01.58.25:972][  0]LogInit: Applying CVar settings loaded from the selected device profile: [Windows]
[2018.10.27-01.58.26:128][  0]LogInit: Computer: DESKTOP-DEU5FL5
[2018.10.27-01.58.26:128][  0]LogInit: User: lando
[2018.10.27-01.58.26:128][  0]LogInit: CPU Page size=4096, Cores=3
[2018.10.27-01.58.26:128][  0]LogInit: High frequency timer resolution =3.418055 MHz
[2018.10.27-01.58.26:128][  0]LogMemory: Memory total: Physical=7.9GB (8GB approx)
[2018.10.27-01.58.26:129][  0]LogMemory: Platform Memory Stats for Windows
[2018.10.27-01.58.26:129][  0]LogMemory: Process Physical Memory: 272.58 MB used, 272.58 MB peak
[2018.10.27-01.58.26:129][  0]LogMemory: Process Virtual Memory: 269.61 MB used, 269.61 MB peak
[2018.10.27-01.58.26:129][  0]LogMemory: Physical Memory: 5531.30 MB used,  2606.63 MB free, 8137.93 MB total
[2018.10.27-01.58.26:129][  0]LogMemory: Virtual Memory: 4776.36 MB used,  2606.63 MB free, 134217728.00 MB total
[2018.10.27-01.58.26:853][  0]LogInit: Using OS detected language (en-US).
[2018.10.27-01.58.26:853][  0]LogInit: Using OS detected locale (en-US).
[2018.10.27-01.58.27:094][  0]LogTextLocalizationManager: No specific localization for 'en-US' exists, so the 'en' localization will be used.
[2018.10.27-01.58.29:824][  0]LogInit: Setting process to per monitor DPI aware
[2018.10.27-01.58.34:870][  0]LogD3D11RHI: D3D11 adapters:
[2018.10.27-01.58.34:908][  0]LogD3D11RHI:    0. 'AMD Radeon R7 200 Series' (Feature Level 11_0)
[2018.10.27-01.58.34:908][  0]LogD3D11RHI:       2028/0/4068 MB DedicatedVideo/DedicatedSystem/SharedSystem, Outputs:2, VendorId:0x1002
[2018.10.27-01.58.34:918][  0]LogD3D11RHI:    1. 'Microsoft Basic Render Driver' (Feature Level 11_0)
[2018.10.27-01.58.34:918][  0]LogD3D11RHI:       0/0/4068 MB DedicatedVideo/DedicatedSystem/SharedSystem, Outputs:0, VendorId:0x1414
[2018.10.27-01.58.34:918][  0]LogD3D11RHI: Chosen D3D11 Adapter: 0
[2018.10.27-01.58.34:932][  0]LogD3D11RHI: Creating new Direct3DDevice
[2018.10.27-01.58.34:932][  0]LogD3D11RHI:     GPU DeviceId: 0x6610 (for the marketing name, search the web for "GPU Device Id")
[2018.10.27-01.58.34:932][  0]LogWindows: EnumDisplayDevices:
[2018.10.27-01.58.34:933][  0]LogWindows:    0. 'AMD Radeon R7 200 Series' (P:1 D:1)
[2018.10.27-01.58.34:933][  0]LogWindows:    1. 'AMD Radeon R7 200 Series' (P:0 D:1)
[2018.10.27-01.58.34:933][  0]LogWindows:    2. 'AMD Radeon R7 200 Series' (P:0 D:0)
[2018.10.27-01.58.34:934][  0]LogWindows:    3. 'AMD Radeon R7 200 Series' (P:0 D:0)
[2018.10.27-01.58.34:934][  0]LogWindows:    4. 'AMD Radeon R7 200 Series' (P:0 D:0)
[2018.10.27-01.58.34:934][  0]LogWindows:    5. 'AMD Radeon R7 200 Series' (P:0 D:0)
[2018.10.27-01.58.34:934][  0]LogWindows:    6. 'AMD Radeon R7 200 Series' (P:0 D:0)
[2018.10.27-01.58.34:935][  0]LogWindows:    7. 'AMD Radeon R7 200 Series' (P:0 D:0)
[2018.10.27-01.58.34:935][  0]LogWindows:    8. 'AMD Radeon R7 200 Series' (P:0 D:0)
[2018.10.27-01.58.34:936][  0]LogWindows:    9. 'AMD Radeon R7 200 Series' (P:0 D:0)
[2018.10.27-01.58.34:936][  0]LogWindows:    10. 'AMD Radeon R7 200 Series' (P:0 D:0)
[2018.10.27-01.58.34:936][  0]LogWindows:    11. 'AMD Radeon R7 200 Series' (P:0 D:0)
[2018.10.27-01.58.34:936][  0]LogWindows:    12. 'AMD Radeon R7 200 Series' (P:0 D:0)
[2018.10.27-01.58.34:937][  0]LogWindows:    13. 'AMD Radeon R7 200 Series' (P:0 D:0)
[2018.10.27-01.58.34:937][  0]LogWindows:    14. 'AMD Radeon R7 200 Series' (P:0 D:0)
[2018.10.27-01.58.34:938][  0]LogWindows:    15. 'AMD Radeon R7 200 Series' (P:0 D:0)
[2018.10.27-01.58.34:938][  0]LogWindows: DebugString: GetVideoDriverDetailsInvalid PrimaryIsNotTheChoosenAdapter GetVideoDriverDetailsInvalid PrimaryIsNotTheChoosenAdapter GetVideoDriverDetailsInvalid PrimaryIsNotTheChoosenAdapter GetVideoDriverDetailsInvalid PrimaryIsNotTheChoosenAdapter GetVideoDriverDetailsInvalid PrimaryIsNotTheChoosenAdapter GetVideoDriverDetailsInvalid PrimaryIsNotTheChoosenAdapter GetVideoDriverDetailsInvalid PrimaryIsNotTheChoosenAdapter GetVideoDriverDetailsInvalid PrimaryIsNotTheChoosenAdapter GetVideoDriverDetailsInvalid PrimaryIsNotTheChoosenAdapter GetVideoDriverDetailsInvalid PrimaryIsNotTheChoosenAdapter GetVideoDriverDetailsInvalid PrimaryIsNotTheChoosenAdapter GetVideoDriverDetailsInvalid PrimaryIsNotTheChoosenAdapter GetVideoDriverDetailsInvalid PrimaryIsNotTheChoosenAdapter GetVideoDriverDetailsInvalid PrimaryIsNotTheChoosenAdapter GetVideoDriverDetailsInvalid PrimaryIsNotTheChoosenAdapter GetVideoDriverDetailsInvalid PrimaryIsNotTheChoosenAdapter FoundDriverCount:0 
[2018.10.27-01.58.34:938][  0]LogD3D11RHI:     Adapter Name: AMD Radeon R7 200 Series
[2018.10.27-01.58.34:938][  0]LogD3D11RHI:   Driver Version: Unknown (internal:Unknown, unified:Unknown)
[2018.10.27-01.58.34:938][  0]LogD3D11RHI:      Driver Date: Unknown
[2018.10.27-01.58.34:938][  0]LogRHI: Texture pool is 1419 MB (70% of 2028 MB)
[2018.10.27-01.58.35:022][  0]LogD3D11RHI: Async texture creation enabled
[2018.10.27-01.58.35:041][  0]LogD3D11RHI: GPU Timing Frequency: 27.000000 (Debug: 2 1)
[2018.10.27-01.58.35:043][  0]LogShaderCompilers: Guid format shader working directory is -27 characters bigger than the processId version (../../../../../../screwing around with templates/MP_SK_4_18888/MP_SK_4_18/Intermediate/Shaders/WorkingDirectory/7896/).
[2018.10.27-01.58.35:044][  0]LogShaderCompilers: Cleaned the shader compiler working directory 'C:/Users/lando/AppData/Local/Temp/UnrealShaderWorkingDir/C27DFA174D601662190C66BDD9B77C62/'.
[2018.10.27-01.58.35:044][  0]LogShaderCompilers: Display: Using Local Shader Compiler.
[2018.10.27-01.58.39:896][  0]LogTemp: Display: Loaded TP AllDesktopTargetPlatform
[2018.10.27-01.58.40:001][  0]LogTemp: Display: Loaded TP MacClientTargetPlatform
[2018.10.27-01.58.40:104][  0]LogTemp: Display: Loaded TP MacNoEditorTargetPlatform
[2018.10.27-01.58.40:197][  0]LogTemp: Display: Loaded TP MacServerTargetPlatform
[2018.10.27-01.58.40:355][  0]LogTemp: Display: Loaded TP MacTargetPlatform
[2018.10.27-01.58.40:459][  0]LogTemp: Display: Loaded TP WindowsClientTargetPlatform
[2018.10.27-01.58.40:567][  0]LogTemp: Display: Loaded TP WindowsNoEditorTargetPlatform
[2018.10.27-01.58.40:682][  0]LogTemp: Display: Loaded TP WindowsServerTargetPlatform
[2018.10.27-01.58.40:775][  0]LogTemp: Display: Loaded TP WindowsTargetPlatform
[2018.10.27-01.58.40:879][  0]LogTemp: Display: Loaded TP Android_ASTCTargetPlatform
[2018.10.27-01.58.40:975][  0]LogTemp: Display: Loaded TP Android_ATCTargetPlatform
[2018.10.27-01.58.41:073][  0]LogTemp: Display: Loaded TP Android_DXTTargetPlatform
[2018.10.27-01.58.41:175][  0]LogTemp: Display: Loaded TP Android_ETC1TargetPlatform
[2018.10.27-01.58.41:290][  0]LogTemp: Display: Loaded TP Android_ETC2TargetPlatform
[2018.10.27-01.58.41:465][  0]LogTemp: Display: Loaded TP Android_MultiTargetPlatform
[2018.10.27-01.58.41:465][  0]LogTemp: Display: Loaded TP Android_PVRTCTargetPlatform
[2018.10.27-01.58.41:598][  0]LogTemp: Display: Loaded TP AndroidTargetPlatform
[2018.10.27-01.58.41:693][  0]LogTemp: Display: Loaded TP HTML5TargetPlatform
[2018.10.27-01.58.41:914][  0]LogTemp: Display: Loaded TP IOSTargetPlatform
[2018.10.27-01.58.41:967][  0]LogTemp: Display: Loaded TP TVOSTargetPlatform
[2018.10.27-01.58.42:075][  0]LogTemp: Display: Loaded TP LinuxClientTargetPlatform
[2018.10.27-01.58.42:173][  0]LogTemp: Display: Loaded TP LinuxNoEditorTargetPlatform
[2018.10.27-01.58.42:270][  0]LogTemp: Display: Loaded TP LinuxServerTargetPlatform
[2018.10.27-01.58.42:412][  0]LogTemp: Display: Loaded TP LinuxTargetPlatform
[2018.10.27-01.58.42:412][  0]LogTargetPlatformManager: Display: Building Assets For Windows
[2018.10.27-01.58.44:465][  0]LogDerivedDataCache: Display: Max Cache Size: 512 MB
[2018.10.27-01.58.45:012][  0]LogDerivedDataCache: Loaded boot cache 0.55s 78MB C:/Users/lando/AppData/Local/UnrealEngine/4.18/DerivedDataCache/Boot.ddc.
[2018.10.27-01.58.45:012][  0]LogDerivedDataCache: Display: Loaded Boot cache: C:/Users/lando/AppData/Local/UnrealEngine/4.18/DerivedDataCache/Boot.ddc
[2018.10.27-01.58.45:012][  0]LogDerivedDataCache: FDerivedDataBackendGraph:  Pak pak cache file ../../../../../../screwing around with templates/MP_SK_4_18888/MP_SK_4_18/DerivedDataCache/DDC.ddp not found, will not use a pak cache.
[2018.10.27-01.58.45:012][  0]LogDerivedDataCache: Unable to find inner node Pak for hierarchical cache Hierarchy.
[2018.10.27-01.58.45:013][  0]LogDerivedDataCache: FDerivedDataBackendGraph:  CompressedPak pak cache file ../../../../../../screwing around with templates/MP_SK_4_18888/MP_SK_4_18/DerivedDataCache/Compressed.ddp not found, will not use a pak cache.
[2018.10.27-01.58.45:013][  0]LogDerivedDataCache: Unable to find inner node CompressedPak for hierarchical cache Hierarchy.
[2018.10.27-01.58.45:041][  0]LogDerivedDataCache: Display: Pak cache opened for reading ../../../Engine/DerivedDataCache/Compressed.ddp.
[2018.10.27-01.58.45:054][  0]LogDerivedDataCache: Using Local data cache path C:/Users/lando/AppData/Local/UnrealEngine/Common/DerivedDataCache: Writable
[2018.10.27-01.58.45:073][  0]LogMaterial: Verifying Global Shaders for PCD3D_SM5
[2018.10.27-01.58.45:074][  0]LogSlate: Using Freetype 2.6.0
[2018.10.27-01.58.45:178][  0]LogSlate: SlateFontCache - WITH_FREETYPE: 1, WITH_HARFBUZZ: 1
[2018.10.27-01.58.45:178][  0]LogSlate: SlateFontCache - WITH_FREETYPE: 1, WITH_HARFBUZZ: 1
[2018.10.27-01.59.00:095][  0]LogInit: Selected Device Profile: [Windows]
[2018.10.27-01.59.01:022][  0]LogSimplygon: Simplygon DLL not present - disabling.
[2018.10.27-01.59.01:132][  0]LogMeshReduction: Using SimplygonSwarm for distributed automatic mesh merging
[2018.10.27-01.59.01:132][  0]LogMeshReduction: Using QuadricMeshReduction for automatic static mesh reduction
[2018.10.27-01.59.01:132][  0]LogMeshReduction: No automatic skeletal mesh reduction module available
[2018.10.27-01.59.01:132][  0]LogMeshReduction: No automatic mesh merging module available
[2018.10.27-01.59.01:132][  0]LogMeshMerging: No automatic mesh merging module available
[2018.10.27-01.59.01:234][  0]LogNetVersion: MP_SK , NetCL: 3709383, EngineNetVer: 2, GameNetVer: 0 (Checksum: 2458133447)
[2018.10.27-01.59.01:525][  0]LogAssetRegistry: FAssetRegistry took 0.0305 seconds to start up
[2018.10.27-01.59.03:197][  0]LogPackageLocalizationCache: Processed 7 localized package path(s) for 2 prioritized culture(s) in 0.748231 seconds
[2018.10.27-01.59.03:206][  0]LogUObjectArray: 35877 objects as part of root set at end of initial load.
[2018.10.27-01.59.03:206][  0]LogUObjectAllocator: 7577640 out of 0 bytes used by permanent object pool.
[2018.10.27-01.59.03:206][  0]LogUObjectArray: CloseDisregardForGC: 0/0 objects in disregard for GC pool
[2018.10.27-01.59.24:890][  0]LogTcpMessaging: Initializing TcpMessaging bridge
[2018.10.27-01.59.24:959][  0]LogUdpMessaging: Initializing bridge on interface 0.0.0.0:0 to multicast group 230.0.0.1:6666.
[2018.10.27-01.59.27:760][  0]LogMaterial: Uniform references updated for custom material expression Custom.
[2018.10.27-01.59.29:334][  0]SourceControl: Source control is disabled
[2018.10.27-01.59.29:380][  0]SourceControl: Source control is disabled
[2018.10.27-01.59.29:800][  0]SourceControl: Source control is disabled
[2018.10.27-01.59.29:993][  0]SourceControl: Source control is disabled
[2018.10.27-01.59.34:682][  0]LogAndroidPermission: UAndroidPermissionCallbackProxy::GetInstance
[2018.10.27-01.59.35:678][  0]LogOcInput: OculusInput pre-init called
[2018.10.27-01.59.37:830][  0]LogEngine: Initializing Engine...
[2018.10.27-01.59.38:159][  0]LogHMD: Failed to initialize OpenVR with code 110
[2018.10.27-01.59.39:036][  0]LogStats: UGameplayTagsManager::ConstructGameplayTagTree: Construct from data asset -  0.000 s
[2018.10.27-01.59.39:037][  0]LogStats: UGameplayTagsManager::ConstructGameplayTagTree: GameplayTagTreeChangedEvent.Broadcast -  0.000 s
[2018.10.27-01.59.41:385][  0]LogAIModule: Creating AISystem for world Untitled
[2018.10.27-01.59.42:709][  0]LogInit: XAudio2 using 'Speakers (Logitech Wireless Headset)' : 2 channels at 48 kHz using 16 bits per sample (channel mask 0x3)
[2018.10.27-01.59.42:770][  0]LogInit: FAudioDevice initialized.
[2018.10.27-01.59.43:070][  0]LogDerivedDataCache: Saved boot cache 0.13s 78MB C:/Users/lando/AppData/Local/UnrealEngine/4.18/DerivedDataCache/Boot.ddc.
[2018.10.27-01.59.43:183][  0]LogInit: Texture streaming: Enabled
[2018.10.27-01.59.44:759][  0]LogEngineSessionManager: EngineSessionManager initialized
[2018.10.27-01.59.47:154][  0]LogInit: Transaction tracking system initialized
[2018.10.27-01.59.52:860][  0]BlueprintLog: New page: Editor Load
[2018.10.27-02.00.04:235][  0]LocalizationService: Localization service is disabled
[2018.10.27-02.00.09:968][  0]LogConsoleResponse: Display: 
[2018.10.27-02.00.12:147][  0]LogFileCache: Scanning file cache for directory 'K:/screwing around with templates/MP_SK_4_18888/MP_SK_4_18/Content/' took 0.03s
[2018.10.27-02.00.12:147][  0]LogCook: Display: Max memory allowance for cook 16384mb min free memory 0mb
[2018.10.27-02.00.12:154][  0]LogCook: Display: Mobile HDR setting 1
[2018.10.27-02.00.12:171][  0]LogGameplayTags: Display: UGameplayTagsManager::DoneAddingNativeTags. DelegateIsBound: 0
[2018.10.27-02.00.16:497][  0]SourceControl: Source control is disabled
[2018.10.27-02.00.16:567][  0]Cmd: MAP LOAD FILE="../../../../../../screwing around with templates/MP_SK_4_18888/MP_SK_4_18/Content/MP_SK/Maps/MainMenu.umap" TEMPLATE=0 SHOWPROGRESS=1 FEATURELEVEL=3
[2018.10.27-02.00.16:579][  0]LightingResults: New page: Lighting Build
[2018.10.27-02.00.17:050][  0]MapCheck: New page: Map Check
[2018.10.27-02.00.17:050][  0]LightingResults: New page: Lighting Build
[2018.10.27-02.00.24:140][  0]LogAIModule: Creating AISystem for world MainMenu
[2018.10.27-02.00.24:399][  0]LogEditorServer: Finished looking for orphan Actors (0.000 secs)
[2018.10.27-02.00.24:850][  0]Cmd: MAP CHECKDEP NOCLEARLOG
[2018.10.27-02.00.25:018][  0]MapCheck: Map check complete: 0 Error(s), 0 Warning(s), took 153.237ms to complete.
[2018.10.27-02.00.25:029][  0]LogFileHelpers: Loading map 'MainMenu' took 8.492
[2018.10.27-02.00.29:407][  0]LogCollectionManager: Loaded 0 collections in 0.001653 seconds
[2018.10.27-02.00.29:959][  0]LogFileCache: Scanning file cache for directory 'K:/screwing around with templates/MP_SK_4_18888/MP_SK_4_18/Saved/Collections/' took 0.01s
[2018.10.27-02.00.29:959][  0]LogFileCache: Scanning file cache for directory 'K:/screwing around with templates/MP_SK_4_18888/MP_SK_4_18/Content/Developers/lando/Collections/' took 0.01s
[2018.10.27-02.00.29:960][  0]LogFileCache: Scanning file cache for directory 'K:/screwing around with templates/MP_SK_4_18888/MP_SK_4_18/Content/Collections/' took 0.01s
[2018.10.27-02.00.29:960][  0]LogCollectionManager: Rebuilt the GUID cache for 0 collections in 0.000001 seconds
[2018.10.27-02.00.30:014][  0]LogContentBrowser: Native class hierarchy populated in 0.0232 seconds. Added 2365 classes and 522 folders.
[2018.10.27-02.00.30:385][  0]LogContentBrowser: Native class hierarchy updated for 'WidgetCarousel' in 0.0013 seconds. Added 0 classes and 0 folders.
[2018.10.27-02.00.31:765][  0]LogContentBrowser: Native class hierarchy updated for 'AddContentDialog' in 0.0003 seconds. Added 0 classes and 0 folders.
[2018.10.27-02.00.31:970][  0]LogContentBrowser: Native class hierarchy updated for 'SceneOutliner' in 0.0007 seconds. Added 1 classes and 2 folders.
[2018.10.27-02.00.33:129][  0]LogSlate: Took 0.013160 seconds to synchronously load lazily loaded font '../../../Engine/Content/Slate/Fonts/Roboto-Regular.ttf' (155K)
[2018.10.27-02.00.33:196][  0]LogSlate: Took 0.019177 seconds to synchronously load lazily loaded font '../../../Engine/Content/Slate/Fonts/Roboto-Bold.ttf' (160K)
[2018.10.27-02.00.33:342][  0]LogSlate: Took 0.040633 seconds to synchronously load lazily loaded font '../../../Engine/Content/Editor/Slate/Fonts/FontAwesome.ttf' (139K)
[2018.10.27-02.00.34:345][  0]LogRenderer: Reallocating scene render targets to support 1208x576 Format 9 NumSamples 1 (Frame:1).
[2018.10.27-02.00.36:171][  0]LogContentBrowser: Native class hierarchy updated for 'HierarchicalLODOutliner' in 0.0004 seconds. Added 1 classes and 2 folders.
[2018.10.27-02.00.36:171][  0]LogLoad: (Engine Initialization) Total time: 164.21 seconds
[2018.10.27-02.00.36:171][  0]LogLoad: (Engine Initialization) Total Blueprint compile time: 0.00 seconds
[2018.10.27-02.00.36:192][  0]LogExternalProfiler: No external profilers were discovered.  External profiling features will not be available.
[2018.10.27-02.00.36:902][  0]LogContentStreaming: Texture pool size now 600 MB
[2018.10.27-02.00.37:986][  1]LogSlate: Took 0.019739 seconds to synchronously load lazily loaded font '../../../Engine/Content/Slate/Fonts/Roboto-Light.ttf' (159K)
[2018.10.27-02.00.39:154][  5]LogAssetRegistry: Asset discovery search completed in 97.6526 seconds
[2018.10.27-02.00.39:180][  5]LogCollectionManager: Rebuilt the object cache for 0 collections in 0.000001 seconds (found 0 objects)
[2018.10.27-02.00.39:181][  5]LogCollectionManager: Fixed up redirectors for 0 collections in 0.008130 seconds (updated 0 objects)
[2018.10.27-02.06.19:347][469]LogTemp: Repeating last play command: New Editor Window (PIE)
[2018.10.27-02.06.28:330][469]LogBlueprintUserMessages: Early PlayInEditor Detection: Level '/Game/MP_SK/Maps/MainMenu.MainMenu:PersistentLevel' has LevelScriptBlueprint '/Game/MP_SK/Maps/MainMenu.MainMenu:PersistentLevel.MainMenu' with GeneratedClass '/Game/MP_SK/Maps/MainMenu.MainMenu_C' with ClassGeneratedBy '/Game/MP_SK/Maps/MainMenu.MainMenu:PersistentLevel.MainMenu'
[2018.10.27-02.06.28:364][469]LogPlayLevel: PlayLevel: No blueprints needed recompiling
[2018.10.27-02.06.28:413][469]LogOnline: Display: OSS: FOnlineSubsystemNull::Shutdown()
[2018.10.27-02.06.28:414][469]LogOnline: Display: OSS: FOnlineAsyncTaskManager::Stop() ActiveTask:0000000000000000 Tasks[0/0]
[2018.10.27-02.06.28:459][469]LogOnline: Display: OSS: FOnlineAsyncTaskManager::Exit() started
[2018.10.27-02.06.28:459][469]LogOnline: Display: OSS: FOnlineAsyncTaskManager::Exit() finished
[2018.10.27-02.06.28:459][469]LogOnline: Warning: STEAM: Steam API disabled!
[2018.10.27-02.06.28:459][469]LogOnline: Display: STEAM: OnlineSubsystemSteam::Shutdown()
[2018.10.27-02.06.28:668][469]PIE: New page: PIE session: MainMenu (Oct 26, 2018, 2:06:28 PM)
[2018.10.27-02.06.28:695][469]LogPlayLevel: Creating play world package: /Game/MP_SK/Maps/UEDPIE_1_MainMenu
[2018.10.27-02.06.28:755][469]LogPlayLevel: PIE: StaticDuplicateObject took: (0.059330s)
[2018.10.27-02.06.28:756][469]LogAIModule: Creating AISystem for world MainMenu
[2018.10.27-02.06.28:786][469]LogPlayLevel: PIE: World Init took: (0.030988s)
[2018.10.27-02.06.28:793][469]LogPlayLevel: PIE: Created PIE world by copying editor world from /Game/MP_SK/Maps/MainMenu.MainMenu to /Game/MP_SK/Maps/UEDPIE_1_MainMenu.MainMenu (0.098056s)
[2018.10.27-02.06.28:865][469]LogInit: XAudio2 using 'Speakers (Logitech Wireless Headset)' : 2 channels at 48 kHz using 16 bits per sample (channel mask 0x3)
[2018.10.27-02.06.28:876][469]LogInit: FAudioDevice initialized.
[2018.10.27-02.06.29:221][469]LogLoad: Game class is 'GameModeBase'
[2018.10.27-02.06.29:428][469]LogWorld: Bringing World /Game/MP_SK/Maps/UEDPIE_1_MainMenu.MainMenu up for play (max tick rate 3) at 2018.10.26-20.06.29
[2018.10.27-02.06.29:474][469]LogWorld: Bringing up level for play took: 0.055092
[2018.10.27-02.06.31:687][469]LogContentBrowser: Native class hierarchy updated for 'MovieSceneCapture' in 0.0155 seconds. Added 11 classes and 0 folders.
[2018.10.27-02.06.32:038][469]LogTemp: Display: ParseSettings for GameNetDriver
[2018.10.27-02.06.32:076][469]LogTemp: Display: ParseSettings for IpNetDriver_0
[2018.10.27-02.06.32:076][469]LogTemp: Display: ParseSettings for GameNetDriver
[2018.10.27-02.06.32:097][469]LogInit: WinSock: Socket queue 131072 / 131072
[2018.10.27-02.06.32:107][469]LogInit: WinSock: I am DESKTOP-DEU5FL5 (192.168.0.21:0)
[2018.10.27-02.06.32:119][469]PacketHandlerLog: Loaded PacketHandler component: Engine.EngineHandlerComponentFactory (StatelessConnectHandlerComponent)
[2018.10.27-02.06.32:144][469]LogNet: GameNetDriver IpNetDriver_0 IpNetDriver listening on port 17777
[2018.10.27-02.06.32:375][469]PIE: Play in editor start time for /Game/MP_SK/Maps/UEDPIE_1_MainMenu 3.281
[2018.10.27-02.06.32:420][469]PIE: New page: PIE session: MainMenu (Oct 26, 2018, 2:06:32 PM)
[2018.10.27-02.06.32:642][469]LogNet: Browse: 127.0.0.1:17777//Game/MP_SK/Maps/MainMenu
[2018.10.27-02.06.32:650][469]LogTemp: Display: ParseSettings for GameNetDriver
[2018.10.27-02.06.32:650][469]LogTemp: Display: ParseSettings for IpNetDriver_1
[2018.10.27-02.06.32:650][469]LogTemp: Display: ParseSettings for PendingNetDriver
[2018.10.27-02.06.32:651][469]LogInit: WinSock: Socket queue 32768 / 32768
[2018.10.27-02.06.32:663][469]PacketHandlerLog: Loaded PacketHandler component: Engine.EngineHandlerComponentFactory (StatelessConnectHandlerComponent)
[2018.10.27-02.06.32:689][469]LogNet: Game client on port 17777, rate 10000
[2018.10.27-02.06.32:713][469]PIE: Play in editor start time for /Game/MP_SK/Maps/MainMenu 3.618
[2018.10.27-02.06.32:772][469]LogBlueprintUserMessages: Late PlayInEditor Detection: Level '/Game/MP_SK/Maps/MainMenu.MainMenu:PersistentLevel' has LevelScriptBlueprint '/Game/MP_SK/Maps/MainMenu.MainMenu:PersistentLevel.MainMenu' with GeneratedClass '/Game/MP_SK/Maps/MainMenu.MainMenu_C' with ClassGeneratedBy '/Game/MP_SK/Maps/MainMenu.MainMenu:PersistentLevel.MainMenu'
[2018.10.27-02.06.32:837][469]LogNet: NotifyAcceptingConnection accepted from: 127.0.0.1:61713
[2018.10.27-02.06.32:842][469]LogHandshake: SendConnectChallenge. Timestamp: 0.008333, Cookie: 243076180064034002219205222114103005009027183125194196153130
[2018.10.27-02.06.33:006][469]LogHandshake: SendChallengeResponse. Timestamp: 0.008333, Cookie: 243076180064034002219205222114103005009027183125194196153130
[2018.10.27-02.06.33:287][470]LogNet: UNetDriver::TickDispatch: Very long time between ticks. DeltaTime: 14.02, Realtime: 0.47. IpNetDriver_0
[2018.10.27-02.06.33:287][470]LogNet: NotifyAcceptingConnection accepted from: 127.0.0.1:61713
[2018.10.27-02.06.33:287][470]LogHandshake: SendChallengeAck. InCookie: 243076180064034002219205222114103005009027183125194196153130
[2018.10.27-02.06.33:287][470]LogNet: Server accepting post-challenge connection from: 127.0.0.1:61713
[2018.10.27-02.06.33:288][470]PacketHandlerLog: Loaded PacketHandler component: Engine.EngineHandlerComponentFactory (StatelessConnectHandlerComponent)
[2018.10.27-02.06.33:305][470]LogNet: NotifyAcceptedConnection: Name: MainMenu, TimeStamp: 10/26/18 20:06:33, [UNetConnection] RemoteAddr: 127.0.0.1:61713, Name: IpConnection_1, Driver: GameNetDriver IpNetDriver_0, IsServer: YES, PC: NULL, Owner: NULL
[2018.10.27-02.06.33:305][470]LogNet: AddClientConnection: Added client connection: [UNetConnection] RemoteAddr: 127.0.0.1:61713, Name: IpConnection_1, Driver: GameNetDriver IpNetDriver_0, IsServer: YES, PC: NULL, Owner: NULL
[2018.10.27-02.06.33:318][470]LogNet: UNetDriver::TickDispatch: Very long time between ticks. DeltaTime: 14.02, Realtime: 0.31. IpNetDriver_1
[2018.10.27-02.06.33:318][470]LogNetVersion: MP_SK 1.0.0.0, NetCL: 3709383, EngineNetVer: 2, GameNetVer: 0 (Checksum: 4154339674)
[2018.10.27-02.06.33:318][470]LogNet: UPendingNetGame::SendInitialJoin: Sending hello. [UNetConnection] RemoteAddr: 127.0.0.1:17777, Name: IpConnection_0, Driver: PendingNetDriver IpNetDriver_1, IsServer: NO, PC: NULL, Owner: NULL
[2018.10.27-02.06.33:694][471]LogNet: NotifyAcceptingChannel Control 0 server World /Game/MP_SK/Maps/UEDPIE_1_MainMenu.MainMenu: Accepted
[2018.10.27-02.06.33:694][471]LogNet: Remote platform little endian=1
[2018.10.27-02.06.33:694][471]LogNet: This platform little endian=1
[2018.10.27-02.06.33:952][472]LogNet: Login request: /Game/MP_SK/Maps/MainMenu?Name=DESKTOP-DEU5FL5-30337DFE424C2CFF0282FEB5A068CA6B userId: DESKTOP-DEU5FL5-30337DFE424C2CFF0282FEB5A068CA6B
[2018.10.27-02.06.33:984][472]LogNet: Welcomed by server (Level: /Game/MP_SK/Maps/UEDPIE_1_MainMenu, Game: /Script/Engine.GameModeBase)
[2018.10.27-02.06.33:999][472]LogLoad: LoadMap: 127.0.0.1:17777//Game/MP_SK/Maps/UEDPIE_1_MainMenu?game=/Script/Engine.GameModeBase
[2018.10.27-02.06.34:137][472]LogAIModule: Creating AISystem for world MainMenu
[2018.10.27-02.06.34:138][472]LogTemp: Display: ParseSettings for GameNetDriver
[2018.10.27-02.06.34:146][472]LogWorld: Bringing World /Game/MP_SK/Maps/UEDPIE_2_MainMenu.MainMenu up for play (max tick rate 3) at 2018.10.26-20.06.34
[2018.10.27-02.06.34:153][472]LogWorld: Bringing up level for play took: 0.008159
[2018.10.27-02.06.34:154][472]LogLoad: Took 0.154637 seconds to LoadMap(/Game/MP_SK/Maps/UEDPIE_1_MainMenu)
[2018.10.27-02.06.34:285][473]LogNet: Client netspeed is 10000
[2018.10.27-02.06.34:286][473]LogNet: Join request: /Game/MP_SK/Maps/MainMenu?Name=DESKTOP-DEU5FL5-30337DFE424C2CFF0282FEB5A068CA6B?SplitscreenCount=1
[2018.10.27-02.06.34:288][473]LogOnline: Warning: OSS: No game present to join for session (GameSession)
[2018.10.27-02.06.34:368][473]LogNet: Join succeeded: DESKTOP-DEU5FL5-3033
[2018.10.27-02.06.34:705][474]LogOnline: Warning: OSS: No game present to join for session (GameSession)
[2018.10.27-02.06.34:706][474]LogOnline: Warning: OSS: No game present to join for session (GameSession)
[2018.10.27-02.06.56:767][331]LogOnline: Warning: OSS: No game present to leave for session (GameSession)
[2018.10.27-02.06.56:843][331]LogBlueprintUserMessages: Early EndPlayMap Detection: Level '/Game/MP_SK/Maps/MainMenu.MainMenu:PersistentLevel' has LevelScriptBlueprint '/Game/MP_SK/Maps/MainMenu.MainMenu:PersistentLevel.MainMenu' with GeneratedClass '/Game/MP_SK/Maps/MainMenu.MainMenu_C' with ClassGeneratedBy '/Game/MP_SK/Maps/MainMenu.MainMenu:PersistentLevel.MainMenu'
[2018.10.27-02.06.57:122][331]LogOnline: Display: OSS: FOnlineSubsystemNull::Shutdown()
[2018.10.27-02.06.57:123][331]LogOnline: Display: OSS: FOnlineAsyncTaskManager::Stop() ActiveTask:0000000000000000 Tasks[0/0]
[2018.10.27-02.06.57:130][331]LogOnline: Display: OSS: FOnlineAsyncTaskManager::Exit() started
[2018.10.27-02.06.57:131][331]LogOnline: Display: OSS: FOnlineAsyncTaskManager::Exit() finished
[2018.10.27-02.06.57:169][331]LogOnline: Display: OSS: FOnlineSubsystemNull::Shutdown()
[2018.10.27-02.06.57:169][331]LogOnline: Display: OSS: FOnlineAsyncTaskManager::Stop() ActiveTask:0000000000000000 Tasks[0/0]
[2018.10.27-02.06.57:177][331]LogOnline: Display: OSS: FOnlineAsyncTaskManager::Exit() started
[2018.10.27-02.06.57:177][331]LogOnline: Display: OSS: FOnlineAsyncTaskManager::Exit() finished
[2018.10.27-02.06.57:177][331]LogPlayLevel: Display: Shutting down PIE online subsystems
[2018.10.27-02.06.57:177][331]LogBlueprintUserMessages: Late EndPlayMap Detection: Level '/Game/MP_SK/Maps/MainMenu.MainMenu:PersistentLevel' has LevelScriptBlueprint '/Game/MP_SK/Maps/MainMenu.MainMenu:PersistentLevel.MainMenu' with GeneratedClass '/Game/MP_SK/Maps/MainMenu.MainMenu_C' with ClassGeneratedBy '/Game/MP_SK/Maps/MainMenu.MainMenu:PersistentLevel.MainMenu'
[2018.10.27-02.06.57:230][331]LogNet: UChannel::CleanUp: ChIndex == 0. Closing connection. [UChannel] ChIndex: 0, Closing: 0 [UNetConnection] RemoteAddr: 127.0.0.1:61713, Name: IpConnection_1, Driver: GameNetDriver IpNetDriver_0, IsServer: YES, PC: None, Owner: None
[2018.10.27-02.06.57:230][331]LogNet: UNetConnection::Close: [UNetConnection] RemoteAddr: 127.0.0.1:61713, Name: IpConnection_1, Driver: GameNetDriver IpNetDriver_0, IsServer: YES, PC: None, Owner: None, Channels: 2, Time: 2018.10.27-02.06.57
[2018.10.27-02.06.57:236][331]LogNet: UChannel::Close: Sending CloseBunch. ChIndex == 0. Name: [UChannel] ChIndex: 0, Closing: 0 [UNetConnection] RemoteAddr: 127.0.0.1:61713, Name: IpConnection_1, Driver: GameNetDriver IpNetDriver_0, IsServer: YES, PC: None, Owner: None
[2018.10.27-02.06.57:236][331]LogNet: UChannel::CleanUp: ChIndex == 0. Closing connection. [UChannel] ChIndex: 0, Closing: 0 [UNetConnection] RemoteAddr: 127.0.0.1:17777, Name: IpConnection_0, Driver: GameNetDriver IpNetDriver_1, IsServer: NO, PC: None, Owner: None
[2018.10.27-02.06.57:236][331]LogNet: UNetConnection::Close: [UNetConnection] RemoteAddr: 127.0.0.1:17777, Name: IpConnection_0, Driver: GameNetDriver IpNetDriver_1, IsServer: NO, PC: None, Owner: None, Channels: 2, Time: 2018.10.27-02.06.57
[2018.10.27-02.06.57:236][331]LogNet: UChannel::Close: Sending CloseBunch. ChIndex == 0. Name: [UChannel] ChIndex: 0, Closing: 0 [UNetConnection] RemoteAddr: 127.0.0.1:17777, Name: IpConnection_0, Driver: GameNetDriver IpNetDriver_1, IsServer: NO, PC: None, Owner: None
[2018.10.27-02.06.57:321][331]LogExit: GameNetDriver None shut down
[2018.10.27-02.06.57:321][331]LogExit: GameNetDriver None shut down
[2018.10.27-02.06.57:468][332]LogPlayLevel: Display: Destroying online subsystem :Context_2
[2018.10.27-02.06.57:468][332]LogOnline: Display: OSS: FOnlineSubsystemNull::Shutdown()
[2018.10.27-02.06.57:468][332]LogPlayLevel: Display: Destroying online subsystem :Context_1
[2018.10.27-02.06.57:468][332]LogOnline: Display: OSS: FOnlineSubsystemNull::Shutdown()
[2018.10.27-02.07.01:689][633]LogWindowsTextInputMethodSystem: Display: IME system now deactivated.
[2018.10.27-02.07.02:480][634]Cmd: QUIT_EDITOR
[2018.10.27-02.07.03:362][634]LogExit: Preparing to exit.
[2018.10.27-02.07.05:220][634]LogDirectoryWatcher: A directory notification for 'K:/screwing around with templates/MP_SK_4_18888/MP_SK_4_18/Content/' was aborted.
[2018.10.27-02.07.05:831][634]LogExit: Editor shut down
[2018.10.27-02.07.05:843][634]LogExit: Transaction tracking system shut down
[2018.10.27-02.07.07:150][634]LogDirectoryWatcher: A directory notification for '../../../Engine/Content/' was aborted.
[2018.10.27-02.07.07:150][634]LogDirectoryWatcher: A directory notification for '../../../../../../screwing around with templates/MP_SK_4_18888/MP_SK_4_18/Content/' was aborted.
[2018.10.27-02.07.07:150][634]LogDirectoryWatcher: A directory notification for '../../../Engine/Plugins/2D/Paper2D/Content/' was aborted.
[2018.10.27-02.07.07:150][634]LogDirectoryWatcher: A directory notification for '../../../Engine/Plugins/Media/MediaCompositing/Content/' was aborted.
[2018.10.27-02.07.07:150][634]LogDirectoryWatcher: A directory notification for '../../../Engine/Plugins/Runtime/AppleARKit/Content/' was aborted.
[2018.10.27-02.07.07:150][634]LogDirectoryWatcher: A directory notification for '../../../Engine/Plugins/Runtime/Oculus/OculusVR/Content/' was aborted.
[2018.10.27-02.07.07:150][634]LogDirectoryWatcher: A directory notification for '../../../Engine/Plugins/Runtime/Steam/SteamVR/Content/' was aborted.
[2018.10.27-02.07.08:226][634]LogExit: Object subsystem successfully closed.
[2018.10.27-02.07.08:452][634]LogD3D11RHI: Shutdown
[2018.10.27-02.07.08:459][634]LogD3D11RHI: CleanupD3DDevice
[2018.10.27-02.07.08:483][634]LogD3D11RHI: ~FD3D11DynamicRHI
[2018.10.27-02.07.09:419][634]LogModuleManager: Shutting down and abandoning module MovieSceneCapture (554)
[2018.10.27-02.07.09:419][634]LogModuleManager: Shutting down and abandoning module Voice (552)
[2018.10.27-02.07.09:419][634]LogModuleManager: Shutting down and abandoning module HierarchicalLODOutliner (550)
[2018.10.27-02.07.09:419][634]LogModuleManager: Shutting down and abandoning module SceneOutliner (548)
[2018.10.27-02.07.09:434][634]LogModuleManager: Shutting down and abandoning module AddContentDialog (546)
[2018.10.27-02.07.09:450][634]LogDirectoryWatcher: A directory notification for 'K:/ue4install/4.18/UE_4.18/FeaturePacks/' was aborted.
[2018.10.27-02.07.09:462][634]LogModuleManager: Shutting down and abandoning module WidgetCarousel (545)
[2018.10.27-02.07.09:463][634]LogModuleManager: Shutting down and abandoning module EditorWidgets (542)
[2018.10.27-02.07.09:463][634]LogModuleManager: Shutting down and abandoning module CollectionManager (540)
[2018.10.27-02.07.09:478][634]LogDirectoryWatcher: A directory notification for 'K:/screwing around with templates/MP_SK_4_18888/MP_SK_4_18/Content/Collections/' was aborted.
[2018.10.27-02.07.09:478][634]LogDirectoryWatcher: A directory notification for 'K:/screwing around with templates/MP_SK_4_18888/MP_SK_4_18/Content/Developers/lando/Collections/' was aborted.
[2018.10.27-02.07.09:478][634]LogDirectoryWatcher: A directory notification for 'K:/screwing around with templates/MP_SK_4_18888/MP_SK_4_18/Saved/Collections/' was aborted.
[2018.10.27-02.07.09:478][634]LogModuleManager: Shutting down and abandoning module StatsViewer (538)
[2018.10.27-02.07.09:502][634]LogModuleManager: Shutting down and abandoning module FoliageEdit (536)
[2018.10.27-02.07.09:516][634]LogModuleManager: Shutting down and abandoning module LandscapeEditor (534)
[2018.10.27-02.07.09:553][634]LogModuleManager: Shutting down and abandoning module MeshPaintMode (532)
[2018.10.27-02.07.09:559][634]LogModuleManager: Shutting down and abandoning module SceneDepthPickerMode (530)
[2018.10.27-02.07.09:559][634]LogModuleManager: Shutting down and abandoning module ActorPickerMode (528)
[2018.10.27-02.07.09:559][634]LogModuleManager: Shutting down and abandoning module GeometryMode (526)
[2018.10.27-02.07.09:559][634]LogModuleManager: Shutting down and abandoning module TextureAlignMode (524)
[2018.10.27-02.07.09:559][634]LogModuleManager: Shutting down and abandoning module BspMode (522)
[2018.10.27-02.07.09:559][634]LogModuleManager: Shutting down and abandoning module PIEPreviewDeviceProfileSelector (520)
[2018.10.27-02.07.09:559][634]LogModuleManager: Shutting down and abandoning module HardwareSurvey (518)
[2018.10.27-02.07.09:559][634]LogModuleManager: Shutting down and abandoning module SequenceRecorderSections (516)
[2018.10.27-02.07.09:568][634]LogModuleManager: Shutting down and abandoning module AutomationWorker (514)
[2018.10.27-02.07.09:579][634]LogModuleManager: Shutting down and abandoning module MatineeToLevelSequence (512)
[2018.10.27-02.07.09:586][634]LogModuleManager: Shutting down and abandoning module LevelSequenceEditor (510)
[2018.10.27-02.07.09:647][634]LogModuleManager: Shutting down and abandoning module PlacementMode (509)
[2018.10.27-02.07.09:647][634]LogModuleManager: Shutting down and abandoning module WmfMediaFactory (506)
[2018.10.27-02.07.09:647][634]LogModuleManager: Shutting down and abandoning module WmfMediaEditor (504)
[2018.10.27-02.07.09:647][634]LogModuleManager: Shutting down and abandoning module OpenExrWrapper (502)
[2018.10.27-02.07.09:647][634]LogModuleManager: Shutting down and abandoning module ImgMediaFactory (500)
[2018.10.27-02.07.09:647][634]LogModuleManager: Shutting down and abandoning module ImgMediaEditor (498)
[2018.10.27-02.07.09:647][634]LogModuleManager: Shutting down and abandoning module AvfMediaFactory (496)
[2018.10.27-02.07.09:647][634]LogModuleManager: Shutting down and abandoning module AvfMediaEditor (494)
[2018.10.27-02.07.09:647][634]LogModuleManager: Shutting down and abandoning module AndroidMediaFactory (492)
[2018.10.27-02.07.09:647][634]LogModuleManager: Shutting down and abandoning module AndroidMediaEditor (490)
[2018.10.27-02.07.09:647][634]LogModuleManager: Shutting down and abandoning module CharacterAI (488)
[2018.10.27-02.07.09:647][634]LogModuleManager: Shutting down and abandoning module AudioCapture (486)
[2018.10.27-02.07.09:654][634]LogModuleManager: Shutting down and abandoning module SequenceRecorder (485)
[2018.10.27-02.07.09:665][634]LogModuleManager: Shutting down and abandoning module SmartSnapping (482)
[2018.10.27-02.07.09:665][634]LogModuleManager: Shutting down and abandoning module SessionServices (480)
[2018.10.27-02.07.09:665][634]LogModuleManager: Shutting down and abandoning module ViewportSnapping (478)
[2018.10.27-02.07.09:665][634]LogModuleManager: Shutting down and abandoning module ViewportInteraction (476)
[2018.10.27-02.07.09:665][634]LogModuleManager: Shutting down and abandoning module ClothPainter (474)
[2018.10.27-02.07.09:698][634]LogModuleManager: Shutting down and abandoning module SkeletalMeshEditor (473)
[2018.10.27-02.07.09:737][634]LogModuleManager: Shutting down and abandoning module LogVisualizer (470)
[2018.10.27-02.07.09:761][634]LogModuleManager: Shutting down and abandoning module IntroTutorials (468)
[2018.10.27-02.07.09:807][634]LogModuleManager: Shutting down and abandoning module GameProjectGeneration (467)
[2018.10.27-02.07.09:836][634]LogModuleManager: Shutting down and abandoning module IOSPlatformEditor (464)
[2018.10.27-02.07.09:836][634]LogModuleManager: Shutting down and abandoning module HTML5PlatformEditor (462)
[2018.10.27-02.07.09:836][634]LogModuleManager: Shutting down and abandoning module AndroidPlatformEditor (460)
[2018.10.27-02.07.09:836][634]LogModuleManager: Shutting down and abandoning module AndroidDeviceDetection (459)
[2018.10.27-02.07.09:968][634]LogModuleManager: Shutting down and abandoning module WindowsPlatformEditor (456)
[2018.10.27-02.07.09:968][634]LogModuleManager: Shutting down and abandoning module IOSRuntimeSettings (454)
[2018.10.27-02.07.09:968][634]LogModuleManager: Shutting down and abandoning module AndroidRuntimeSettings (452)
[2018.10.27-02.07.09:968][634]LogModuleManager: Shutting down and abandoning module InputBindingEditor (450)
[2018.10.27-02.07.09:975][634]LogModuleManager: Shutting down and abandoning module MergeActors (448)
[2018.10.27-02.07.09:995][634]LogModuleManager: Shutting down and abandoning module SizeMap (446)
[2018.10.27-02.07.09:995][634]LogModuleManager: Shutting down and abandoning module TreeMap (444)
[2018.10.27-02.07.10:012][634]LogModuleManager: Shutting down and abandoning module ReferenceViewer (442)
[2018.10.27-02.07.10:012][634]LogModuleManager: Shutting down and abandoning module LocalizationDashboard (440)
[2018.10.27-02.07.10:023][634]LogModuleManager: Shutting down and abandoning module LocalizationService (439)
[2018.10.27-02.07.10:028][634]LogModuleManager: Shutting down and abandoning module HardwareTargeting (436)
[2018.10.27-02.07.10:028][634]LogModuleManager: Shutting down and abandoning module DeviceProfileEditor (434)
[2018.10.27-02.07.10:028][634]LogModuleManager: Shutting down and abandoning module UndoHistory (432)
[2018.10.27-02.07.10:029][634]LogModuleManager: Shutting down and abandoning module XmlParser (430)
[2018.10.27-02.07.10:034][634]LogModuleManager: Shutting down and abandoning module Blutility (428)
[2018.10.27-02.07.10:034][634]LogModuleManager: Shutting down and abandoning module ProjectSettingsViewer (426)
[2018.10.27-02.07.10:034][634]LogModuleManager: Shutting down and abandoning module ProjectTargetPlatformEditor (425)
[2018.10.27-02.07.10:034][634]LogModuleManager: Shutting down and abandoning module EditorSettingsViewer (422)
[2018.10.27-02.07.10:034][634]LogModuleManager: Shutting down and abandoning module SettingsEditor (420)
[2018.10.27-02.07.10:050][634]LogModuleManager: Shutting down and abandoning module ProjectLauncher (418)
[2018.10.27-02.07.10:073][634]LogModuleManager: Shutting down and abandoning module SessionFrontend (416)
[2018.10.27-02.07.10:092][634]LogModuleManager: Shutting down and abandoning module ProfilerClient (414)
[2018.10.27-02.07.10:105][634]LogModuleManager: Shutting down and abandoning module DeviceManager (412)
[2018.10.27-02.07.10:117][634]LogModuleManager: Shutting down and abandoning module TargetDeviceServices (411)
[2018.10.27-02.07.10:172][634]LogModuleManager: Shutting down and abandoning module AutomationController (408)
[2018.10.27-02.07.10:188][634]LogModuleManager: Shutting down and abandoning module AutomationWindow (406)
[2018.10.27-02.07.10:221][634]LogModuleManager: Shutting down and abandoning module Layers (404)
[2018.10.27-02.07.10:268][634]LogModuleManager: Shutting down and abandoning module ComponentVisualizers (402)
[2018.10.27-02.07.10:268][634]LogModuleManager: Shutting down and abandoning module DetailCustomizations (400)
[2018.10.27-02.07.10:309][634]LogModuleManager: Shutting down and abandoning module PackagesDialog (398)
[2018.10.27-02.07.10:333][634]LogModuleManager: Shutting down and abandoning module Persona (396)
[2018.10.27-02.07.10:381][634]LogModuleManager: Shutting down and abandoning module AdvancedPreviewScene (395)
[2018.10.27-02.07.10:382][634]LogModuleManager: Shutting down and abandoning module AnimGraph (393)
[2018.10.27-02.07.10:382][634]LogModuleManager: Shutting down and abandoning module Kismet (390)
[2018.10.27-02.07.10:428][634]LogModuleManager: Shutting down and abandoning module ClassViewer (388)
[2018.10.27-02.07.10:429][634]LogModuleManager: Shutting down and abandoning module Toolbox (386)
[2018.10.27-02.07.10:429][634]LogModuleManager: Shutting down and abandoning module ModuleUI (384)
[2018.10.27-02.07.10:437][634]LogModuleManager: Shutting down and abandoning module MovieSceneTools (382)
[2018.10.27-02.07.10:459][634]LogModuleManager: Shutting down and abandoning module OutputLog (380)
[2018.10.27-02.07.10:480][634]LogModuleManager: Shutting down and abandoning module GammaUI (378)
[2018.10.27-02.07.10:489][634]LogModuleManager: Shutting down and abandoning module Documentation (376)
[2018.10.27-02.07.10:490][634]LogModuleManager: Shutting down and abandoning module MovieSceneTracks (374)
[2018.10.27-02.07.10:490][634]LogModuleManager: Shutting down and abandoning module MovieScene (372)
[2018.10.27-02.07.10:490][634]LogModuleManager: Shutting down and abandoning module StreamingPauseRendering (370)
[2018.10.27-02.07.10:490][634]LogModuleManager: Shutting down and abandoning module LauncherPlatform (368)
[2018.10.27-02.07.10:490][634]LogModuleManager: Shutting down and abandoning module AnalyticsET (366)
[2018.10.27-02.07.10:490][634]LogModuleManager: Shutting down and abandoning module PortalServices (364)
[2018.10.27-02.07.10:490][634]LogModuleManager: Shutting down and abandoning module PortalRpc (362)
[2018.10.27-02.07.10:490][634]LogModuleManager: Shutting down and abandoning module MessagingRpc (360)
[2018.10.27-02.07.10:490][634]LogModuleManager: Shutting down and abandoning module AIModule (358)
[2018.10.27-02.07.10:490][634]LogModuleManager: Shutting down and abandoning module GameplayDebugger (357)
[2018.10.27-02.07.10:490][634]LogModuleManager: Shutting down and abandoning module AITestSuite (355)
[2018.10.27-02.07.10:495][634]LogModuleManager: Shutting down and abandoning module DesktopPlatform (352)
[2018.10.27-02.07.10:495][634]LogModuleManager: Shutting down and abandoning module ProfilerService (350)
[2018.10.27-02.07.10:614][634]LogModuleManager: Shutting down and abandoning module TaskGraph (348)
[2018.10.27-02.07.10:647][634]LogModuleManager: Shutting down and abandoning module SteamVRController (346)
[2018.10.27-02.07.10:647][634]LogModuleManager: Shutting down and abandoning module ProceduralMeshComponentEditor (344)
[2018.10.27-02.07.10:647][634]LogModuleManager: Shutting down and abandoning module ProceduralMeshComponent (342)
[2018.10.27-02.07.10:654][634]LogModuleManager: Shutting down and abandoning module OculusInput (340)
[2018.10.27-02.07.10:665][634]LogModuleManager: Shutting down and abandoning module MobilePatchingUtils (338)
[2018.10.27-02.07.10:665][634]LogModuleManager: Shutting down and abandoning module CustomMeshComponent (336)
[2018.10.27-02.07.10:665][634]LogModuleManager: Shutting down and abandoning module CableComponent (334)
[2018.10.27-02.07.10:670][634]LogModuleManager: Shutting down and abandoning module ArchVisCharacter (332)
[2018.10.27-02.07.10:670][634]LogModuleManager: Shutting down and abandoning module AndroidPermission (330)
[2018.10.27-02.07.10:670][634]LogModuleManager: Shutting down and abandoning module ActorSequence (328)
[2018.10.27-02.07.10:670][634]LogModuleManager: Shutting down and abandoning module MediaPlayerEditor (326)
[2018.10.27-02.07.10:734][634]LogModuleManager: Shutting down and abandoning module MediaCompositingEditor (324)
[2018.10.27-02.07.10:734][634]LogModuleManager: Shutting down and abandoning module MediaCompositing (322)
[2018.10.27-02.07.10:734][634]LogModuleManager: Shutting down and abandoning module HTML5Networking (320)
[2018.10.27-02.07.10:734][634]LogModuleManager: Shutting down and abandoning module AlembicImporter (318)
[2018.10.27-02.07.10:746][634]LogModuleManager: Shutting down and abandoning module AlembicLibrary (317)
[2018.10.27-02.07.10:746][634]LogModuleManager: Shutting down and abandoning module GeometryCache (316)
[2018.10.27-02.07.10:759][634]LogModuleManager: Shutting down and abandoning module GeometryCacheEd (315)
[2018.10.27-02.07.10:759][634]LogModuleManager: Shutting down and abandoning module SpeedTreeImporter (310)
[2018.10.27-02.07.10:759][634]LogModuleManager: Shutting down and abandoning module PluginBrowser (308)
[2018.10.27-02.07.10:776][634]LogModuleManager: Shutting down and abandoning module MobileLauncherProfileWizard (306)
[2018.10.27-02.07.10:795][634]LogModuleManager: Shutting down and abandoning module VisualStudioSourceCodeAccess (304)
[2018.10.27-02.07.10:796][634]LogModuleManager: Shutting down and abandoning module VisualStudioCodeSourceCodeAccess (302)
[2018.10.27-02.07.10:796][634]LogModuleManager: Shutting down and abandoning module UObjectPlugin (300)
[2018.10.27-02.07.10:796][634]LogModuleManager: Shutting down and abandoning module SubversionSourceControl (298)
[2018.10.27-02.07.10:817][634]LogModuleManager: Shutting down and abandoning module PerforceSourceControl (296)
[2018.10.27-02.07.10:851][634]LogModuleManager: Shutting down and abandoning module GitSourceControl (294)
[2018.10.27-02.07.10:875][634]LogModuleManager: Shutting down and abandoning module SourceControl (293)
[2018.10.27-02.07.10:893][634]LogModuleManager: Shutting down and abandoning module LightPropagationVolumeEditor (290)
[2018.10.27-02.07.10:893][634]LogModuleManager: Shutting down and abandoning module PaperTiledImporter (288)
[2018.10.27-02.07.10:893][634]LogModuleManager: Shutting down and abandoning module PaperSpriteSheetImporter (286)
[2018.10.27-02.07.10:893][634]LogModuleManager: Shutting down and abandoning module Paper2DEditor (284)
[2018.10.27-02.07.10:908][634]LogModuleManager: Shutting down and abandoning module MeshPaint (283)
[2018.10.27-02.07.10:908][634]LogModuleManager: Shutting down and abandoning module LevelEditor (281)
[2018.10.27-02.07.10:917][634]LogModuleManager: Shutting down and abandoning module PixelInspectorModule (280)
[2018.10.27-02.07.10:932][634]LogModuleManager: Shutting down and abandoning module MainFrame (278)
[2018.10.27-02.07.10:945][634]LogModuleManager: Shutting down and abandoning module HotReload (277)
[2018.10.27-02.07.10:987][634]LogModuleManager: Shutting down and abandoning module RuntimePhysXCooking (272)
[2018.10.27-02.07.10:987][634]LogModuleManager: Shutting down and abandoning module PhysXVehiclesEditor (270)
[2018.10.27-02.07.10:988][634]LogModuleManager: Shutting down and abandoning module PhysXVehicles (268)
[2018.10.27-02.07.10:988][634]LogModuleManager: Shutting down and abandoning module OculusEditor (266)
[2018.10.27-02.07.10:988][634]LogModuleManager: Shutting down and abandoning module LocationServicesBPLibrary (264)
[2018.10.27-02.07.10:988][634]LogModuleManager: Shutting down and abandoning module ImmediatePhysicsEditor (262)
[2018.10.27-02.07.10:988][634]LogModuleManager: Shutting down and abandoning module ImmediatePhysics (260)
[2018.10.27-02.07.11:048][634]LogModuleManager: Shutting down and abandoning module UdpMessaging (258)
[2018.10.27-02.07.11:153][634]LogModuleManager: Shutting down and abandoning module TcpMessaging (256)
[2018.10.27-02.07.11:262][634]LogModuleManager: Shutting down and abandoning module GameplayTagsEditor (254)
[2018.10.27-02.07.11:263][634]LogModuleManager: Shutting down and abandoning module FacialAnimationEditor (252)
[2018.10.27-02.07.11:263][634]LogModuleManager: Shutting down and abandoning module FacialAnimation (250)
[2018.10.27-02.07.11:263][634]LogModuleManager: Shutting down and abandoning module AssetManagerEditor (248)
[2018.10.27-02.07.11:290][634]LogModuleManager: Shutting down and abandoning module GraphEditor (247)
[2018.10.27-02.07.11:336][634]LogModuleManager: Shutting down and abandoning module ContentBrowser (245)
[2018.10.27-02.07.11:337][634]LogModuleManager: Shutting down and abandoning module LightPropagationVolumeRuntime (242)
[2018.10.27-02.07.11:337][634]LogModuleManager: Shutting down and abandoning module Paper2D (240)
[2018.10.27-02.07.11:337][634]LogModuleManager: Shutting down and abandoning module WindowsMoviePlayer (238)
[2018.10.27-02.07.11:349][634]LogModuleManager: Shutting down and abandoning module WmfMedia (236)
[2018.10.27-02.07.11:364][634]LogModuleManager: Shutting down and abandoning module ImgMedia (234)
[2018.10.27-02.07.11:364][634]LogModuleManager: Shutting down and abandoning module PacketHandler (232)
[2018.10.27-02.07.11:364][634]LogModuleManager: Shutting down and abandoning module ClothingSystemEditor (230)
[2018.10.27-02.07.11:364][634]LogModuleManager: Shutting down and abandoning module ClothingSystemRuntime (228)
[2018.10.27-02.07.11:385][634]LogModuleManager: Shutting down and abandoning module MediaAssets (226)
[2018.10.27-02.07.11:385][634]LogModuleManager: Shutting down and abandoning module Media (225)
[2018.10.27-02.07.11:392][634]LogModuleManager: Shutting down and abandoning module Overlay (222)
[2018.10.27-02.07.11:392][634]LogModuleManager: Shutting down and abandoning module OverlayEditor (221)
[2018.10.27-02.07.11:392][634]LogModuleManager: Shutting down and abandoning module VREditor (218)
[2018.10.27-02.07.11:434][634]LogModuleManager: Shutting down and abandoning module StringTableEditor (216)
[2018.10.27-02.07.11:441][634]LogModuleManager: Shutting down and abandoning module GameplayTasksEditor (214)
[2018.10.27-02.07.11:441][634]LogModuleManager: Shutting down and abandoning module BehaviorTreeEditor (212)
[2018.10.27-02.07.11:499][634]LogModuleManager: Shutting down and abandoning module FunctionalTesting (210)
[2018.10.27-02.07.11:506][634]LogModuleManager: Shutting down and abandoning module CollisionAnalyzer (208)
[2018.10.27-02.07.11:524][634]LogModuleManager: Shutting down and abandoning module WorkspaceMenuStructure (207)
[2018.10.27-02.07.11:524][634]LogModuleManager: Shutting down and abandoning module UMG (204)
[2018.10.27-02.07.11:525][634]LogModuleManager: Shutting down and abandoning module UMGEditor (203)
[2018.10.27-02.07.11:575][634]LogModuleManager: Shutting down and abandoning module Sequencer (202)
[2018.10.27-02.07.11:615][634]LogModuleManager: Shutting down and abandoning module MessageLog (199)
[2018.10.27-02.07.11:615][634]LogModuleManager: Shutting down and abandoning module SlateReflector (194)
[2018.10.27-02.07.11:664][634]LogModuleManager: Shutting down and abandoning module Slate (192)
[2018.10.27-02.07.11:664][634]LogModuleManager: Shutting down and abandoning module EditorStyle (190)
[2018.10.27-02.07.11:668][634]LogModuleManager: Shutting down and abandoning module MRMesh (188)
[2018.10.27-02.07.11:668][634]LogModuleManager: Shutting down and abandoning module SourceCodeAccess (186)
[2018.10.27-02.07.11:668][634]LogModuleManager: Shutting down and abandoning module HeadMountedDisplay (184)
[2018.10.27-02.07.11:668][634]LogModuleManager: Shutting down and abandoning module XAudio2 (182)
[2018.10.27-02.07.11:668][634]LogModuleManager: Shutting down and abandoning module Networking (180)
[2018.10.27-02.07.11:668][634]LogModuleManager: Shutting down and abandoning module Core (178)
[2018.10.27-02.07.11:668][634]LogModuleManager: Shutting down and abandoning module LevelSequence (174)
[2018.10.27-02.07.11:678][634]LogModuleManager: Shutting down and abandoning module DirectoryWatcher (172)
[2018.10.27-02.07.11:679][634]LogModuleManager: Shutting down and abandoning module KismetCompiler (170)
[2018.10.27-02.07.11:679][634]LogModuleManager: Shutting down and abandoning module MeshUtilities (168)
[2018.10.27-02.07.11:702][634]LogModuleManager: Shutting down and abandoning module MeshMergeUtilities (167)
[2018.10.27-02.07.11:710][634]LogModuleManager: Shutting down and abandoning module MeshReductionInterface (166)
[2018.10.27-02.07.11:710][634]LogModuleManager: Shutting down and abandoning module SimplygonSwarm (165)
[2018.10.27-02.07.11:723][634]LogModuleManager: Shutting down and abandoning module SimplygonMeshReduction (163)
[2018.10.27-02.07.11:723][634]LogModuleManager: Shutting down and abandoning module QuadricMeshReduction (161)
[2018.10.27-02.07.11:729][634]LogModuleManager: Shutting down and abandoning module MaterialBaking (157)
[2018.10.27-02.07.11:737][634]LogModuleManager: Shutting down and abandoning module DerivedDataCache (154)
[2018.10.27-02.07.11:797][634]LogDerivedDataCache: Shutdown
[2018.10.27-02.07.11:797][634]LogModuleManager: Shutting down and abandoning module TargetPlatform (152)
[2018.10.27-02.07.11:797][634]LogModuleManager: Shutting down and abandoning module VulkanShaderFormat (151)
[2018.10.27-02.07.11:805][634]LogModuleManager: Shutting down and abandoning module ShaderFormatVectorVM (149)
[2018.10.27-02.07.11:820][634]LogModuleManager: Shutting down and abandoning module ShaderFormatOpenGL (147)
[2018.10.27-02.07.11:840][634]LogModuleManager: Shutting down and abandoning module ShaderFormatD3D (145)
[2018.10.27-02.07.11:843][634]LogModuleManager: Shutting down and abandoning module MetalShaderFormat (143)
[2018.10.27-02.07.11:867][634]LogModuleManager: Shutting down and abandoning module TextureFormatUncompressed (141)
[2018.10.27-02.07.11:867][634]LogModuleManager: Shutting down and abandoning module TextureFormatPVR (139)
[2018.10.27-02.07.11:867][634]LogModuleManager: Shutting down and abandoning module TextureFormatDXT (137)
[2018.10.27-02.07.11:875][634]LogModuleManager: Shutting down and abandoning module TextureFormatIntelISPCTexComp (135)
[2018.10.27-02.07.11:878][634]LogModuleManager: Shutting down and abandoning module TextureFormatASTC (133)
[2018.10.27-02.07.11:879][634]LogModuleManager: Shutting down and abandoning module ImageWrapper (132)
[2018.10.27-02.07.11:879][634]LogModuleManager: Shutting down and abandoning module TextureFormatAndroid (129)
[2018.10.27-02.07.11:879][634]LogModuleManager: Shutting down and abandoning module AudioFormatOpus (127)
[2018.10.27-02.07.11:879][634]LogModuleManager: Shutting down and abandoning module AudioFormatOgg (125)
[2018.10.27-02.07.11:879][634]LogModuleManager: Shutting down and abandoning module AudioFormatADPCM (123)
[2018.10.27-02.07.11:879][634]LogModuleManager: Shutting down and abandoning module LinuxTargetPlatform (121)
[2018.10.27-02.07.11:879][634]LogModuleManager: Shutting down and abandoning module LinuxServerTargetPlatform (119)
[2018.10.27-02.07.11:879][634]LogModuleManager: Shutting down and abandoning module LinuxNoEditorTargetPlatform (117)
[2018.10.27-02.07.11:879][634]LogModuleManager: Shutting down and abandoning module LinuxClientTargetPlatform (115)
[2018.10.27-02.07.11:879][634]LogModuleManager: Shutting down and abandoning module TVOSTargetPlatform (113)
[2018.10.27-02.07.11:879][634]LogModuleManager: Shutting down and abandoning module Messaging (111)
[2018.10.27-02.07.11:879][634]LogModuleManager: Shutting down and abandoning module IOSTargetPlatform (109)
[2018.10.27-02.07.11:879][634]LogModuleManager: Shutting down and abandoning module HTML5TargetPlatform (107)
[2018.10.27-02.07.11:879][634]LogModuleManager: Shutting down and abandoning module AndroidTargetPlatform (105)
[2018.10.27-02.07.11:879][634]LogModuleManager: Shutting down and abandoning module Android_PVRTCTargetPlatform (103)
[2018.10.27-02.07.11:879][634]LogModuleManager: Shutting down and abandoning module Android_MultiTargetPlatform (101)
[2018.10.27-02.07.11:879][634]LogModuleManager: Shutting down and abandoning module Android_ETC2TargetPlatform (99)
[2018.10.27-02.07.11:879][634]LogModuleManager: Shutting down and abandoning module Android_ETC1TargetPlatform (97)
[2018.10.27-02.07.11:879][634]LogModuleManager: Shutting down and abandoning module Android_DXTTargetPlatform (95)
[2018.10.27-02.07.11:879][634]LogModuleManager: Shutting down and abandoning module Android_ATCTargetPlatform (93)
[2018.10.27-02.07.11:879][634]LogModuleManager: Shutting down and abandoning module Android_ASTCTargetPlatform (91)
[2018.10.27-02.07.11:879][634]LogModuleManager: Shutting down and abandoning module WindowsTargetPlatform (89)
[2018.10.27-02.07.11:879][634]LogModuleManager: Shutting down and abandoning module WindowsServerTargetPlatform (87)
[2018.10.27-02.07.11:879][634]LogModuleManager: Shutting down and abandoning module WindowsNoEditorTargetPlatform (85)
[2018.10.27-02.07.11:879][634]LogModuleManager: Shutting down and abandoning module WindowsClientTargetPlatform (83)
[2018.10.27-02.07.11:879][634]LogModuleManager: Shutting down and abandoning module MacTargetPlatform (81)
[2018.10.27-02.07.11:879][634]LogModuleManager: Shutting down and abandoning module MacServerTargetPlatform (79)
[2018.10.27-02.07.11:879][634]LogModuleManager: Shutting down and abandoning module MacNoEditorTargetPlatform (77)
[2018.10.27-02.07.11:879][634]LogModuleManager: Shutting down and abandoning module MacClientTargetPlatform (75)
[2018.10.27-02.07.11:879][634]LogModuleManager: Shutting down and abandoning module AllDesktopTargetPlatform (73)
[2018.10.27-02.07.11:879][634]LogModuleManager: Shutting down and abandoning module InputCore (70)
[2018.10.27-02.07.11:879][634]LogModuleManager: Shutting down and abandoning module Settings (68)
[2018.10.27-02.07.11:879][634]LogModuleManager: Shutting down and abandoning module PhysXCooking (66)
[2018.10.27-02.07.11:879][634]LogModuleManager: Shutting down and abandoning module SteamVR (64)
[2018.10.27-02.07.11:879][634]LogModuleManager: Shutting down and abandoning module OculusHMD (62)
[2018.10.27-02.07.11:888][634]LogModuleManager: Shutting down and abandoning module ExampleDeviceProfileSelector (60)
[2018.10.27-02.07.11:888][634]LogModuleManager: Shutting down and abandoning module AppleARKit (58)
[2018.10.27-02.07.11:888][634]LogModuleManager: Shutting down and abandoning module AugmentedReality (57)
[2018.10.27-02.07.11:888][634]LogModuleManager: Shutting down and abandoning module OnlineBlueprintSupport (54)
[2018.10.27-02.07.11:888][634]LogModuleManager: Shutting down and abandoning module OnlineSubsystem (50)
[2018.10.27-02.07.11:888][634]LogOnline: Display: OSS: FOnlineSubsystemNull::Shutdown()
[2018.10.27-02.07.11:888][634]LogOnline: Display: OSS: FOnlineAsyncTaskManager::Stop() ActiveTask:0000000000000000 Tasks[0/0]
[2018.10.27-02.07.11:904][634]LogOnline: Display: OSS: FOnlineAsyncTaskManager::Exit() started
[2018.10.27-02.07.11:904][634]LogOnline: Display: OSS: FOnlineAsyncTaskManager::Exit() finished
[2018.10.27-02.07.11:904][634]LogModuleManager: Shutting down and abandoning module XMPP (43)
[2018.10.27-02.07.11:918][634]LogModuleManager: Shutting down and abandoning module HTTP (41)
[2018.10.27-02.07.11:918][634]LogHttp: Display: Http module shutting down, but needs to wait on 1 outstanding Http requests:
[2018.10.27-02.07.11:932][634]LogHttp: Display: 	verb=[POST] url=[https://datarouter.ol.epicgames.com/datarouter/api/v1/public/data?SessionID=%7B3CBB5070-4262-D19D-FAFB-03BE7F332BC9%7D&AppID=UEEditor.Rocket.Release&AppVersion=4.18.3-3832480%2B%2B%2BUE4%2BRelease-4.18&UserID=427c508a4638ba3544109bac58e79638%7C157c7d860d534c7ba105c83c6ddc5407%7Cd92117ec-6dd0-4801-9e0f-b51625c7407c&AppEnvironment=datacollector-binary&UploadType=eteventstream] status=Processing
[2018.10.27-02.07.11:960][634]LogModuleManager: Shutting down and abandoning module SSL (40)
[2018.10.27-02.07.11:973][634]LogModuleManager: Shutting down and abandoning module AnimationModifiers (36)
[2018.10.27-02.07.11:982][634]LogModuleManager: Shutting down and abandoning module PropertyEditor (35)
[2018.10.27-02.07.11:982][634]LogModuleManager: Shutting down and abandoning module AudioEditor (32)
[2018.10.27-02.07.12:012][634]LogModuleManager: Shutting down and abandoning module TextureCompressor (30)
[2018.10.27-02.07.12:025][634]LogModuleManager: Shutting down and abandoning module ShaderCore (28)
[2018.10.27-02.07.12:025][634]LogModuleManager: Shutting down and abandoning module Landscape (26)
[2018.10.27-02.07.12:025][634]LogModuleManager: Shutting down and abandoning module SlateRHIRenderer (24)
[2018.10.27-02.07.12:042][634]LogModuleManager: Shutting down and abandoning module OpenGLDrv (22)
[2018.10.27-02.07.12:062][634]LogModuleManager: Shutting down and abandoning module D3D11RHI (20)
[2018.10.27-02.07.12:063][634]LogModuleManager: Shutting down and abandoning module AnimGraphRuntime (18)
[2018.10.27-02.07.12:074][634]LogModuleManager: Shutting down and abandoning module Renderer (16)
[2018.10.27-02.07.12:075][634]LogModuleManager: Shutting down and abandoning module Engine (14)
[2018.10.27-02.07.12:089][634]LogModuleManager: Shutting down and abandoning module CoreUObject (12)
[2018.10.27-02.07.12:089][634]LogModuleManager: Shutting down and abandoning module NetworkFile (10)
[2018.10.27-02.07.12:099][634]LogModuleManager: Shutting down and abandoning module CookedIterativeFile (8)
[2018.10.27-02.07.12:099][634]LogModuleManager: Shutting down and abandoning module StreamingFile (6)
[2018.10.27-02.07.12:109][634]LogModuleManager: Shutting down and abandoning module SandboxFile (4)
[2018.10.27-02.07.12:117][634]LogModuleManager: Shutting down and abandoning module PakFile (2)
[2018.10.27-02.07.12:147][634]LogExit: Exiting.
[2018.10.27-02.07.12:169][634]Log file closed, 10/26/18 20:07:12
